[kos.sh/index.html]
[backblue.gif]
[fade.gif]
[index.html]
[kos.sh/lurk squad_files/public.css]
[kos.sh/lurk squad_files/animate.min.css]
[easyfiles.cc/2025/2/c7cf721a-ac8c-42b0-9d52-b904b47567a0/O5Hm52M6Phk4xxmwCb7HbvPHKfkSK9PokM47qi6tK459uNdzgZDuo0aQtsNetv.png]
[i.pinimg.com/736x/bd/92/a8/bd92a85a6d472da5575d80555b6e1357.jpg]
[easyfiles.cc/2025/2/a356a0e9-09b0-44cb-888b-83ffa5f1ad5f/IMG_4997.jpg]
[kos.sh/lurk squad_files/discord-logo.png]
[easyfiles.cc/2025/2/9c6d00a3-e3d4-45af-9621-4d65c52bec55/vein.png]
[kos.sh/lurk squad_files/telegram-app.png]
[easyfiles.cc/2025/2/7798e2d4-bf5c-45b0-9fa2-0f9af08efbb7/fc1468bea16970cf0f2482d107b3c621.gif]
[easyfiles.cc/2025/2/410d71bd-b3b8-4d2a-8414-72ccd4d81c76/8Z9SMkK.png]
[easyfiles.cc/2025/2/fd2525ff-b8b2-4660-a613-09ab3bd37137/2U1ULzQWzEt7ecLlK9MCvv68Rn4gvpQhxIYL6ZCVStcxyP8a4kM7zlkapEec.gif]
[easyfiles.cc/2025/2/05888a2f-df36-4939-bf06-ed3694628931/download_73.jpg]
[easyfiles.cc/2025/2/e6a18933-0fd5-4357-98b8-54091830eaef/3bb0f009796a27922c75f75fe27d1cd0.png]
[kos.sh/lurk squad_files/spotifydown.com - ur so awful - disoc8.mp3]
[kos.sh/index.html]
[kos.sh/lurk squad_files/public.css]
[kos.sh/lurk squad_files/animate.min.css]
[kos.sh/images/dot.html]
